<?xml version="1.0" encoding="UTF-8"?>
<!-- Generated by org.testng.reporters.JUnitXMLReporter -->
<testsuite ignored="0" hostname="DESKTOP-BNURHSR" failures="1" tests="2" name="Surefire test" time="43.4" errors="0" timestamp="2025-01-04T20:25:07 EST">
  <testcase classname="WebAutomation.web.TC01_SubmitOrderTest" name="launchTestpage" time="0.0">
    <failure type="java.lang.RuntimeException" message="com.fasterxml.jackson.databind.exc.MismatchedInputException: No content to map due to end-of-input
 at [Source: REDACTED (`StreamReadFeature.INCLUDE_SOURCE_IN_LOCATION` disabled); line: 1]">
      <![CDATA[java.lang.RuntimeException: com.fasterxml.jackson.databind.exc.MismatchedInputException: No content to map due to end-of-input
 at [Source: REDACTED (`StreamReadFeature.INCLUDE_SOURCE_IN_LOCATION` disabled); line: 1]
at java.base/java.util.ArrayList.forEach(ArrayList.java:1597)
Caused by: com.fasterxml.jackson.databind.exc.MismatchedInputException: No content to map due to end-of-input
 at [Source: REDACTED (`StreamReadFeature.INCLUDE_SOURCE_IN_LOCATION` disabled); line: 1]
at com.fasterxml.jackson.databind.exc.MismatchedInputException.from(MismatchedInputException.java:59)
at com.fasterxml.jackson.databind.ObjectMapper._initForReading(ObjectMapper.java:5008)
at com.fasterxml.jackson.databind.ObjectMapper._readMapAndClose(ObjectMapper.java:4910)
at com.fasterxml.jackson.databind.ObjectMapper.readValue(ObjectMapper.java:3860)
at com.fasterxml.jackson.databind.ObjectMapper.readValue(ObjectMapper.java:3843)
at testData.Getjsondata.getjsondata(Getjsondata.java:30)
at WebAutomation.web.TC01_SubmitOrderTest.getSOdata(TC01_SubmitOrderTest.java:104)
... 30 more
... Removed 35 stack frames]]>
    </failure>
  </testcase> <!-- launchTestpage -->
  <testcase classname="WebAutomation.web.webTest" name="launchTestpage" time="8.568"/>
</testsuite> <!-- Surefire test -->
